#
# A fatal error has been detected by the Java Runtime Environment:
#
#  EXCEPTION_ACCESS_VIOLATION (0xc0000005) at pc=0x6d7fdd89, pid=6076, tid=5500
#
# JRE version: 6.0_29-b11
# Java VM: Java HotSpot(TM) Client VM (20.4-b02 mixed mode, sharing windows-x86 )
# Problematic frame:
# V  [jvm.dll+0xdd89]
#
# If you would like to submit a bug report, please visit:
#   http://java.sun.com/webapps/bugreport/crash.jsp
#

---------------  T H R E A D  ---------------

Current thread (0x01db3c00):  VMThread [stack: 0x04760000,0x047b0000] [id=5500]

siginfo: ExceptionCode=0xc0000005, reading address 0x0000000c

Registers:
EAX=0x00000008, EBX=0x3905a578, ECX=0x16aefd30, EDX=0x00000008
ESP=0x047af900, EBP=0x047af904, ESI=0x16aefd30, EDI=0x01d92db0
EIP=0x6d7fdd89, EFLAGS=0x00010202

Top of Stack: (sp=0x047af900)
0x047af900:   16aefd30 047af924 6d84a91f 00000008
0x047af910:   047afa54 174bb67c 3905a578 01d92db0
0x047af920:   00000008 047af944 6d86ace1 16aefd30
0x047af930:   174cfea8 174bb660 047afa54 3905a580
0x047af940:   3905a400 047af964 6d857a48 174bb660
0x047af950:   174bb680 01d92db0 047afa54 00000000
0x047af960:   01d95018 047af978 6d84968d 047afa54
0x047af970:   01d94ef8 00000000 047af98c 6d84ecda 

Instructions: (pc=0x6d7fdd89)
0x6d7fdd69:   30 8b c1 c1 e9 02 f3 a5 8b c8 83 e1 03 f3 a4 5f
0x6d7fdd79:   5e 5d c2 04 00 cc cc 55 8b ec 8b 55 08 56 8b f1
0x6d7fdd89:   8b 4a 04 8b c1 c1 f8 02 85 c9 89 4d 08 7f 35 7d
0x6d7fdd99:   2b 8b 76 08 8b 45 08 8b 15 24 0c a6 6d 83 e1 3f 


Register to memory mapping:

EAX=0x00000008 is an unknown value
EBX=0x3905a578 is an oop
{instance class} 
 - klass: {other class}
ECX=0x16aefd30 is an oop
[I 
 - klass: {type array int}
 - length: 32
EDX=0x00000008 is an unknown value
ESP=0x047af900 is an unknown value
EBP=0x047af904 is an unknown value
ESI=0x16aefd30 is an oop
[I 
 - klass: {type array int}
 - length: 32
EDI=0x01d92db0 is an unknown value


Stack: [0x04760000,0x047b0000],  sp=0x047af900,  free space=318k
Native frames: (J=compiled Java code, j=interpreted, Vv=VM code, C=native code)
V  [jvm.dll+0xdd89]
V  [jvm.dll+0x5a91f]
V  [jvm.dll+0x7ace1]
V  [jvm.dll+0x67a48]
V  [jvm.dll+0x5968d]
V  [jvm.dll+0x5ecda]
V  [jvm.dll+0x59ac7]
V  [jvm.dll+0x5fcf8]
V  [jvm.dll+0x5799b]
V  [jvm.dll+0x13afd7]
V  [jvm.dll+0x11d8c3]
V  [jvm.dll+0x11cb9e]
V  [jvm.dll+0x11cec0]
V  [jvm.dll+0x11d2c2]
V  [jvm.dll+0x140fec]
C  [msvcr71.dll+0x9565]  endthreadex+0xa0
C  [kernel32.dll+0x1339a]  BaseThreadInitThunk+0x12
C  [ntdll.dll+0x39ef2]  RtlInitializeExceptionChain+0x63
C  [ntdll.dll+0x39ec5]  RtlInitializeExceptionChain+0x36

VM_Operation (0x07d1f498): GenCollectForAllocation, mode: safepoint, requested by thread 0x05257800


---------------  P R O C E S S  ---------------

Java Threads: ( => current thread )
  0x05257800 JavaThread "In-process PermutationWorker 0" [_thread_blocked, id=2744, stack(0x07cd0000,0x07d20000)]
  0x05ca1400 JavaThread "AWT-Windows" daemon [_thread_in_native, id=4740, stack(0x05a50000,0x05aa0000)]
  0x0514b400 JavaThread "Java2D Disposer" daemon [_thread_blocked, id=3504, stack(0x05a00000,0x05a50000)]
  0x04d4f400 JavaThread "com.google.gwt.thirdparty.guava.common.base.internal.Finalizer" daemon [_thread_blocked, id=5080, stack(0x04da0000,0x04df0000)]
  0x01e03000 JavaThread "Low Memory Detector" daemon [_thread_blocked, id=5936, stack(0x04a80000,0x04ad0000)]
  0x01dfe400 JavaThread "C1 CompilerThread0" daemon [_thread_blocked, id=2332, stack(0x049f0000,0x04a40000)]
  0x01dfd000 JavaThread "Attach Listener" daemon [_thread_blocked, id=5764, stack(0x04960000,0x049b0000)]
  0x01dfc400 JavaThread "Signal Dispatcher" daemon [_thread_blocked, id=3128, stack(0x048d0000,0x04920000)]
  0x01df5000 JavaThread "Finalizer" daemon [_thread_blocked, id=4420, stack(0x04840000,0x04890000)]
  0x01df0000 JavaThread "Reference Handler" daemon [_thread_blocked, id=5140, stack(0x047b0000,0x04800000)]
  0x01ecd800 JavaThread "main" [_thread_blocked, id=2936, stack(0x00430000,0x00480000)]

Other Threads:
=>0x01db3c00 VMThread [stack: 0x04760000,0x047b0000] [id=5500]
  0x01e1cc00 WatcherThread [stack: 0x04b10000,0x04b60000] [id=5928]

VM state:at safepoint (normal execution)

VM Mutex/Monitor currently owned by a thread:  ([mutex/lock_event])
[0x01ec2168] Threads_lock - owner thread: 0x01db3c00
[0x01ec2578] Heap_lock - owner thread: 0x05257800

Heap
 def new generation   total 47296K, used 42578K [0x14600000, 0x17950000, 0x1f0a0000)
  eden space 42048K, 100% used [0x14600000, 0x16f10000, 0x16f10000)
  from space 5248K,  10% used [0x16f10000, 0x16f94b48, 0x17430000)
  to   space 5248K,  16% used [0x17430000, 0x1750c228, 0x17950000)
 tenured generation   total 104956K, used 94509K [0x1f0a0000, 0x2571f000, 0x34600000)
   the space 104956K,  90% used [0x1f0a0000, 0x24ceb7c8, 0x24ceb800, 0x2571f000)
 compacting perm gen  total 12288K, used 11550K [0x34600000, 0x35200000, 0x38600000)
   the space 12288K,  93% used [0x34600000, 0x351479a0, 0x35147a00, 0x35200000)
    ro space 10240K,  51% used [0x38600000, 0x38b2d0b8, 0x38b2d200, 0x39000000)
    rw space 12288K,  54% used [0x39000000, 0x39699570, 0x39699600, 0x39c00000)

Code Cache  [0x02580000, 0x02f98000, 0x04580000)
 total_blobs=5240 nmethods=5047 adapters=126 free_code_cache=22990528 largest_free_block=384

Dynamic libraries:
0x00400000 - 0x00424000 	C:\Program Files (x86)\Java\jre6\bin\javaw.exe
0x77e20000 - 0x77fa0000 	C:\Windows\SysWOW64\ntdll.dll
0x75b40000 - 0x75c50000 	C:\Windows\syswow64\kernel32.dll
0x76380000 - 0x763c6000 	C:\Windows\syswow64\KERNELBASE.dll
0x76470000 - 0x76510000 	C:\Windows\syswow64\ADVAPI32.dll
0x765a0000 - 0x7664c000 	C:\Windows\syswow64\msvcrt.dll
0x76180000 - 0x76199000 	C:\Windows\SysWOW64\sechost.dll
0x772f0000 - 0x773e0000 	C:\Windows\syswow64\RPCRT4.dll
0x75500000 - 0x75560000 	C:\Windows\syswow64\SspiCli.dll
0x754f0000 - 0x754fc000 	C:\Windows\syswow64\CRYPTBASE.dll
0x761f0000 - 0x762f0000 	C:\Windows\syswow64\USER32.dll
0x76510000 - 0x765a0000 	C:\Windows\syswow64\GDI32.dll
0x757a0000 - 0x757aa000 	C:\Windows\syswow64\LPK.dll
0x763d0000 - 0x7646d000 	C:\Windows\syswow64\USP10.dll
0x774a0000 - 0x77500000 	C:\Windows\system32\IMM32.DLL
0x75c50000 - 0x75d1c000 	C:\Windows\syswow64\MSCTF.dll
0x7c340000 - 0x7c396000 	C:\Program Files (x86)\Java\jre6\bin\msvcr71.dll
0x6d7f0000 - 0x6da9f000 	C:\Program Files (x86)\Java\jre6\bin\client\jvm.dll
0x74e10000 - 0x74e42000 	C:\Windows\system32\WINMM.dll
0x730b0000 - 0x730fc000 	C:\Windows\system32\apphelp.dll
0x6d7a0000 - 0x6d7ac000 	C:\Program Files (x86)\Java\jre6\bin\verify.dll
0x6d320000 - 0x6d33f000 	C:\Program Files (x86)\Java\jre6\bin\java.dll
0x6d7e0000 - 0x6d7ef000 	C:\Program Files (x86)\Java\jre6\bin\zip.dll
0x72180000 - 0x72196000 	C:\Windows\system32\CRYPTSP.dll
0x72140000 - 0x7217b000 	C:\Windows\system32\rsaenh.dll
0x73480000 - 0x73497000 	C:\Windows\system32\USERENV.dll
0x73470000 - 0x7347b000 	C:\Windows\system32\profapi.dll
0x6d600000 - 0x6d613000 	C:\Program Files (x86)\Java\jre6\bin\net.dll
0x761a0000 - 0x761d5000 	C:\Windows\syswow64\WS2_32.dll
0x77df0000 - 0x77df6000 	C:\Windows\syswow64\NSI.dll
0x72030000 - 0x7206c000 	C:\Windows\system32\mswsock.dll
0x717d0000 - 0x717d6000 	C:\Windows\System32\wship6.dll
0x72010000 - 0x72020000 	C:\Windows\system32\NLAapi.dll
0x72000000 - 0x72010000 	C:\Windows\system32\napinsp.dll
0x71fe0000 - 0x71ff2000 	C:\Windows\system32\pnrpnsp.dll
0x71f90000 - 0x71fd4000 	C:\Windows\system32\DNSAPI.dll
0x71f80000 - 0x71f88000 	C:\Windows\System32\winrnr.dll
0x71de0000 - 0x71e07000 	C:\Program Files (x86)\Common Files\Microsoft Shared\Windows Live\WLIDNSP.DLL
0x75790000 - 0x75795000 	C:\Windows\syswow64\PSAPI.DLL
0x75ae0000 - 0x75b37000 	C:\Windows\syswow64\SHLWAPI.dll
0x72020000 - 0x72025000 	C:\Windows\System32\wshtcpip.dll
0x71dc0000 - 0x71ddc000 	C:\Windows\system32\IPHLPAPI.DLL
0x71db0000 - 0x71db7000 	C:\Windows\system32\WINNSI.DLL
0x71810000 - 0x71816000 	C:\Windows\system32\rasadhlp.dll
0x718f0000 - 0x71928000 	C:\Windows\System32\fwpuclnt.dll
0x6d000000 - 0x6d14c000 	C:\Program Files (x86)\Java\jre6\bin\awt.dll
0x722b0000 - 0x72301000 	C:\Windows\system32\WINSPOOL.DRV
0x75d40000 - 0x75e9c000 	C:\Windows\syswow64\ole32.dll
0x71b70000 - 0x71d0e000 	C:\Windows\WinSxS\x86_microsoft.windows.common-controls_6595b64144ccf1df_6.0.7601.17514_none_41e6975e2bd6f2b2\COMCTL32.dll
0x74b00000 - 0x74b13000 	C:\Windows\system32\DWMAPI.DLL
0x74b20000 - 0x74ba0000 	C:\Windows\system32\uxtheme.dll
0x6d230000 - 0x6d27f000 	C:\Program Files (x86)\Java\jre6\bin\fontmanager.dll
0x73c70000 - 0x73e33000 	C:\Windows\system32\d3d9.dll
0x75390000 - 0x75399000 	C:\Windows\system32\VERSION.dll
0x74a80000 - 0x74a86000 	C:\Windows\system32\d3d8thk.dll
0x67a20000 - 0x68883000 	C:\Windows\system32\nvd3dum.dll
0x71f50000 - 0x71f75000 	C:\Windows\system32\powrprof.dll
0x755f0000 - 0x7578d000 	C:\Windows\syswow64\SETUPAPI.dll
0x773e0000 - 0x77407000 	C:\Windows\syswow64\CFGMGR32.dll
0x762f0000 - 0x7637f000 	C:\Windows\syswow64\OLEAUT32.dll
0x75d20000 - 0x75d32000 	C:\Windows\syswow64\DEVOBJ.dll

VM Arguments:
jvm_args: -Xmx512m 
java_command: com.google.gwt.dev.Compiler -logLevel INFO -style OBFUSCATED -war C:\Users\Gayoxo\git\Anote\@Note20120112\war lector.BookReader
Launcher Type: SUN_STANDARD

Environment Variables:
PATH=C:\Program Files (x86)\NVIDIA Corporation\PhysX\Common;C:\Program Files (x86)\Common Files\ArcSoft\Bin;C:\Program Files\Common Files\Microsoft Shared\Windows Live;C:\Program Files (x86)\Common Files\Microsoft Shared\Windows Live;C:\PROGRA~2\RATIONAL\RATION~1\NUTCROOT\bin;C:\PROGRA~2\RATIONAL\RATION~1\NUTCROOT\bin\x11;C:\PROGRA~2\RATIONAL\RATION~1\NUTCROOT\mksnt;C:\Windows\system32;C:\Windows;C:\Windows\System32\Wbem;C:\Windows\System32\WindowsPowerShell\v1.0\;C:\Program Files (x86)\Toshiba\Bluetooth Toshiba Stack\sys\;C:\Program Files (x86)\Toshiba\Bluetooth Toshiba Stack\sys\x64\;C:\Program Files (x86)\MaudeFW\cygwin\bin;C:\Program Files (x86)\Rational\common;C:\Program Files (x86)\Rational\ClearQuest;C:\Program Files (x86)\Rational\Rose\TopLink\;C:\Program Files (x86)\Rational\Rational Test;C:\Program Files (x86)\Common Files\GTK\2.0\bin;C:\Program Files\SlikSvn\bin\;C:\Program Files (x86)\QuickTime\QTSystem\;C:\Program Files\eclipse Web\plugins\com.google.appengine.eclipse.sdkbundle.1.3.8_1.3.8.v201010161055\appengine-java-sdk-1.3.8\bin;C:\Program Files (x86)\Windows Live\Shared;C:\Program Files (x86)\Calibre2\;C:\Program Files (x86)\Pinnacle\Shared Files\;C:\Program Files\TortoiseGit\bin
USERNAME=Gayoxo
SHELL=C:\PROGRA~2\RATIONAL\RATION~1\NUTCROOT\mksnt\sh.exe
DISPLAY=:0.0
OS=Windows_NT
PROCESSOR_IDENTIFIER=Intel64 Family 6 Model 23 Stepping 6, GenuineIntel



---------------  S Y S T E M  ---------------

OS: Windows 7 , 64 bit Build 7601 Service Pack 1

CPU:total 2 (2 cores per cpu, 1 threads per core) family 6 model 23 stepping 6, cmov, cx8, fxsr, mmx, sse, sse2, sse3, ssse3, sse4.1

Memory: 4k page, physical 4193572k(918304k free), swap 8385292k(4231540k free)

vm_info: Java HotSpot(TM) Client VM (20.4-b02) for windows-x86 JRE (1.6.0_29-b11), built on Oct  3 2011 01:01:08 by "java_re" with MS VC++ 7.1 (VS2003)

time: Mon Apr 09 02:02:14 2012
elapsed time: 101 seconds

